Copyright 1986-2018 Xilinx, Inc. All Rights Reserved.
-----------------------------------------------------------------------------------------------------------------------------------------------------------------
| Tool Version : Vivado v.2018.1 (lin64) Build 2188600 Wed Apr  4 18:39:19 MDT 2018
| Date         : Sun May 13 23:11:00 2018
| Host         : air540 running 64-bit Ubuntu 16.04.3 LTS
| Command      : report_methodology -file xillydemo_methodology_drc_routed.rpt -pb xillydemo_methodology_drc_routed.pb -rpx xillydemo_methodology_drc_routed.rpx
| Design       : xillydemo
| Device       : xc7z020clg400-1
| Speed File   : -1
| Design State : Routed
-----------------------------------------------------------------------------------------------------------------------------------------------------------------

Report Methodology

Table of Contents
-----------------
1. REPORT SUMMARY
2. REPORT DETAILS

1. REPORT SUMMARY
-----------------
            Netlist: netlist
          Floorplan: design_1
      Design limits: <entire design considered>
             Max violations: <unlimited>
             Violations found: 30
+----------+----------+--------------------------------------------+------------+
| Rule     | Severity | Description                                | Violations |
+----------+----------+--------------------------------------------+------------+
| SYNTH-6  | Warning  | Timing of a block RAM might be sub-optimal | 5          |
| SYNTH-9  | Warning  | Small multiplier                           | 24         |
| SYNTH-13 | Warning  | combinational multiplier                   | 1          |
+----------+----------+--------------------------------------------+------------+

2. REPORT DETAILS
-----------------
SYNTH-6#1 Warning
Timing of a block RAM might be sub-optimal  
The timing for the instance test_fpga_design/grp_cnn_xcel_fu_114/mem_conv2_0_V_U/cnn_xcel_mem_convtde_ram_U/ram_reg, implemented as a block RAM, might be sub-optimal as no output register was merged into the block
Related violations: <none>

SYNTH-6#2 Warning
Timing of a block RAM might be sub-optimal  
The timing for the instance test_fpga_design/grp_cnn_xcel_fu_114/mem_conv2_1_V_U/cnn_xcel_mem_convtde_ram_U/ram_reg, implemented as a block RAM, might be sub-optimal as no output register was merged into the block
Related violations: <none>

SYNTH-6#3 Warning
Timing of a block RAM might be sub-optimal  
The timing for the instance test_fpga_design/grp_cnn_xcel_fu_114/mem_conv2_2_V_U/cnn_xcel_mem_convtde_ram_U/ram_reg, implemented as a block RAM, might be sub-optimal as no output register was merged into the block
Related violations: <none>

SYNTH-6#4 Warning
Timing of a block RAM might be sub-optimal  
The timing for the instance test_fpga_design/grp_cnn_xcel_fu_114/mem_conv2_3_V_U/cnn_xcel_mem_convtde_ram_U/ram_reg, implemented as a block RAM, might be sub-optimal as no output register was merged into the block
Related violations: <none>

SYNTH-6#5 Warning
Timing of a block RAM might be sub-optimal  
The timing for the instance test_fpga_design/grp_cnn_xcel_fu_114/mem_conv2_4_V_U/cnn_xcel_mem_convtde_ram_U/ram_reg, implemented as a block RAM, might be sub-optimal as no output register was merged into the block
Related violations: <none>

SYNTH-9#1 Warning
Small multiplier  
Detected multiplier at test_fpga_design/grp_cnn_xcel_fu_114/grp_perform_conv_1_fu_258/mul2_reg_2883_reg[12]_i_18 of size 6x7, it is implemented as LUTs due to its small size. To force the multiplier onto a DSP block, use the USE_DSP48 attribute.
Related violations: <none>

SYNTH-9#2 Warning
Small multiplier  
Detected multiplier at test_fpga_design/grp_cnn_xcel_fu_114/grp_perform_conv_1_fu_258/mul2_reg_2883_reg[12]_i_19 of size 6x7, it is implemented as LUTs due to its small size. To force the multiplier onto a DSP block, use the USE_DSP48 attribute.
Related violations: <none>

SYNTH-9#3 Warning
Small multiplier  
Detected multiplier at test_fpga_design/grp_cnn_xcel_fu_114/grp_perform_conv_1_fu_258/mul2_reg_2883_reg[12]_i_2 of size 6x7, it is implemented as LUTs due to its small size. To force the multiplier onto a DSP block, use the USE_DSP48 attribute.
Related violations: <none>

SYNTH-9#4 Warning
Small multiplier  
Detected multiplier at test_fpga_design/grp_cnn_xcel_fu_114/grp_perform_conv_1_fu_258/mul2_reg_2883_reg[12]_i_20 of size 6x7, it is implemented as LUTs due to its small size. To force the multiplier onto a DSP block, use the USE_DSP48 attribute.
Related violations: <none>

SYNTH-9#5 Warning
Small multiplier  
Detected multiplier at test_fpga_design/grp_cnn_xcel_fu_114/grp_perform_conv_1_fu_258/mul2_reg_2883_reg[12]_i_22 of size 6x7, it is implemented as LUTs due to its small size. To force the multiplier onto a DSP block, use the USE_DSP48 attribute.
Related violations: <none>

SYNTH-9#6 Warning
Small multiplier  
Detected multiplier at test_fpga_design/grp_cnn_xcel_fu_114/grp_perform_conv_1_fu_258/mul2_reg_2883_reg[12]_i_3 of size 6x7, it is implemented as LUTs due to its small size. To force the multiplier onto a DSP block, use the USE_DSP48 attribute.
Related violations: <none>

SYNTH-9#7 Warning
Small multiplier  
Detected multiplier at test_fpga_design/grp_cnn_xcel_fu_114/grp_perform_conv_1_fu_258/newIndex14_reg_2833_reg[2]_i_1 of size 7x6, it is implemented as LUTs due to its small size. To force the multiplier onto a DSP block, use the USE_DSP48 attribute.
Related violations: <none>

SYNTH-9#8 Warning
Small multiplier  
Detected multiplier at test_fpga_design/grp_cnn_xcel_fu_114/grp_perform_conv_1_fu_258/newIndex14_reg_2833_reg[2]_i_11 of size 7x6, it is implemented as LUTs due to its small size. To force the multiplier onto a DSP block, use the USE_DSP48 attribute.
Related violations: <none>

SYNTH-9#9 Warning
Small multiplier  
Detected multiplier at test_fpga_design/grp_cnn_xcel_fu_114/grp_perform_conv_1_fu_258/newIndex14_reg_2833_reg[2]_i_12 of size 7x6, it is implemented as LUTs due to its small size. To force the multiplier onto a DSP block, use the USE_DSP48 attribute.
Related violations: <none>

SYNTH-9#10 Warning
Small multiplier  
Detected multiplier at test_fpga_design/grp_cnn_xcel_fu_114/grp_perform_conv_1_fu_258/newIndex14_reg_2833_reg[2]_i_2 of size 7x6, it is implemented as LUTs due to its small size. To force the multiplier onto a DSP block, use the USE_DSP48 attribute.
Related violations: <none>

SYNTH-9#11 Warning
Small multiplier  
Detected multiplier at test_fpga_design/grp_cnn_xcel_fu_114/grp_perform_conv_1_fu_258/newIndex14_reg_2833_reg[4]_i_2 of size 7x6, it is implemented as LUTs due to its small size. To force the multiplier onto a DSP block, use the USE_DSP48 attribute.
Related violations: <none>

SYNTH-9#12 Warning
Small multiplier  
Detected multiplier at test_fpga_design/grp_cnn_xcel_fu_114/grp_perform_conv_1_fu_258/newIndex14_reg_2833_reg[4]_i_6 of size 7x6, it is implemented as LUTs due to its small size. To force the multiplier onto a DSP block, use the USE_DSP48 attribute.
Related violations: <none>

SYNTH-9#13 Warning
Small multiplier  
Detected multiplier at test_fpga_design/grp_cnn_xcel_fu_114/grp_perform_conv_1_fu_258/newIndex17_reg_2823_reg[2]_i_1 of size 7x6, it is implemented as LUTs due to its small size. To force the multiplier onto a DSP block, use the USE_DSP48 attribute.
Related violations: <none>

SYNTH-9#14 Warning
Small multiplier  
Detected multiplier at test_fpga_design/grp_cnn_xcel_fu_114/grp_perform_conv_1_fu_258/newIndex17_reg_2823_reg[2]_i_11 of size 7x6, it is implemented as LUTs due to its small size. To force the multiplier onto a DSP block, use the USE_DSP48 attribute.
Related violations: <none>

SYNTH-9#15 Warning
Small multiplier  
Detected multiplier at test_fpga_design/grp_cnn_xcel_fu_114/grp_perform_conv_1_fu_258/newIndex17_reg_2823_reg[2]_i_12 of size 7x6, it is implemented as LUTs due to its small size. To force the multiplier onto a DSP block, use the USE_DSP48 attribute.
Related violations: <none>

SYNTH-9#16 Warning
Small multiplier  
Detected multiplier at test_fpga_design/grp_cnn_xcel_fu_114/grp_perform_conv_1_fu_258/newIndex17_reg_2823_reg[2]_i_2 of size 7x6, it is implemented as LUTs due to its small size. To force the multiplier onto a DSP block, use the USE_DSP48 attribute.
Related violations: <none>

SYNTH-9#17 Warning
Small multiplier  
Detected multiplier at test_fpga_design/grp_cnn_xcel_fu_114/grp_perform_conv_1_fu_258/newIndex17_reg_2823_reg[4]_i_2 of size 7x6, it is implemented as LUTs due to its small size. To force the multiplier onto a DSP block, use the USE_DSP48 attribute.
Related violations: <none>

SYNTH-9#18 Warning
Small multiplier  
Detected multiplier at test_fpga_design/grp_cnn_xcel_fu_114/grp_perform_conv_1_fu_258/newIndex17_reg_2823_reg[4]_i_6 of size 7x6, it is implemented as LUTs due to its small size. To force the multiplier onto a DSP block, use the USE_DSP48 attribute.
Related violations: <none>

SYNTH-9#19 Warning
Small multiplier  
Detected multiplier at test_fpga_design/grp_cnn_xcel_fu_114/grp_perform_conv_1_fu_258/newIndex_reg_2848_reg[2]_i_1 of size 7x6, it is implemented as LUTs due to its small size. To force the multiplier onto a DSP block, use the USE_DSP48 attribute.
Related violations: <none>

SYNTH-9#20 Warning
Small multiplier  
Detected multiplier at test_fpga_design/grp_cnn_xcel_fu_114/grp_perform_conv_1_fu_258/newIndex_reg_2848_reg[2]_i_11 of size 7x6, it is implemented as LUTs due to its small size. To force the multiplier onto a DSP block, use the USE_DSP48 attribute.
Related violations: <none>

SYNTH-9#21 Warning
Small multiplier  
Detected multiplier at test_fpga_design/grp_cnn_xcel_fu_114/grp_perform_conv_1_fu_258/newIndex_reg_2848_reg[2]_i_12 of size 7x6, it is implemented as LUTs due to its small size. To force the multiplier onto a DSP block, use the USE_DSP48 attribute.
Related violations: <none>

SYNTH-9#22 Warning
Small multiplier  
Detected multiplier at test_fpga_design/grp_cnn_xcel_fu_114/grp_perform_conv_1_fu_258/newIndex_reg_2848_reg[2]_i_2 of size 7x6, it is implemented as LUTs due to its small size. To force the multiplier onto a DSP block, use the USE_DSP48 attribute.
Related violations: <none>

SYNTH-9#23 Warning
Small multiplier  
Detected multiplier at test_fpga_design/grp_cnn_xcel_fu_114/grp_perform_conv_1_fu_258/newIndex_reg_2848_reg[4]_i_2 of size 7x6, it is implemented as LUTs due to its small size. To force the multiplier onto a DSP block, use the USE_DSP48 attribute.
Related violations: <none>

SYNTH-9#24 Warning
Small multiplier  
Detected multiplier at test_fpga_design/grp_cnn_xcel_fu_114/grp_perform_conv_1_fu_258/newIndex_reg_2848_reg[4]_i_6 of size 7x6, it is implemented as LUTs due to its small size. To force the multiplier onto a DSP block, use the USE_DSP48 attribute.
Related violations: <none>

SYNTH-13#1 Warning
combinational multiplier  
Detected combinational multiplier in DSP instance test_fpga_design/grp_cnn_xcel_fu_114/grp_perform_conv_1_fu_258/dut_mac_muladd_6nibs_U16/dut_mac_muladd_6nibs_DSP48_0_U/p.
Related violations: <none>


